<?xml version="1.0" encoding="UTF-8"?>
<testng-results ignored="0" total="1" passed="1" failed="0" skipped="0">
  <reporter-output>
  </reporter-output>
  <suite started-at="2026-02-27T15:52:33 IST" name="Default suite" finished-at="2026-02-27T15:52:46 IST" duration-ms="13107">
    <groups>
    </groups>
    <test started-at="2026-02-27T15:52:33 IST" name="Default test" finished-at="2026-02-27T15:52:46 IST" duration-ms="13107">
      <class name="assignment.AmazonPractice">
        <test-method signature="amazonTest()[pri:0, instance:assignment.AmazonPractice@2b662a77]" started-at="2026-02-27T15:52:33 IST" name="amazonTest" finished-at="2026-02-27T15:52:46 IST" duration-ms="13060" status="PASS">
          <reporter-output>
          </reporter-output>
        </test-method> <!-- amazonTest -->
      </class> <!-- assignment.AmazonPractice -->
    </test> <!-- Default test -->
  </suite> <!-- Default suite -->
</testng-results>
